SBATCH_INFO: Printing diagnostics (visible devices and nvidia-smi)...
0
Fri Apr 11 17:37:30 2025       
+-----------------------------------------------------------------------------------------+
| NVIDIA-SMI 555.42.02              Driver Version: 555.42.02      CUDA Version: 12.5     |
|-----------------------------------------+------------------------+----------------------+
| GPU  Name                 Persistence-M | Bus-Id          Disp.A | Volatile Uncorr. ECC |
| Fan  Temp   Perf          Pwr:Usage/Cap |           Memory-Usage | GPU-Util  Compute M. |
|                                         |                        |               MIG M. |
|=========================================+========================+======================|
|   0  NVIDIA A100 80GB PCIe          Off |   00000000:98:00.0 Off |                    0 |
| N/A   66C    P0             85W /  300W |       1MiB /  81920MiB |    100%      Default |
|                                         |                        |             Disabled |
+-----------------------------------------+------------------------+----------------------+
                                                                                         
+-----------------------------------------------------------------------------------------+
| Processes:                                                                              |
|  GPU   GI   CI        PID   Type   Process name                              GPU Memory |
|        ID   ID                                                               Usage      |
|=========================================================================================|
|  No running processes found                                                             |
+-----------------------------------------------------------------------------------------+
SBATCH_INFO: Running character recognition training...
model         : rnn_base
batch_size    : 16
epochs        : 25
learning_rate : 0.001
val_split     : 0.2
use_colour    : True
image_size    : [200, 50]
train_path    : dataset/train
test_path     : dataset/test
========== TRAIN.PY START ==========
Using device: cuda
Loading data loaders...
Initializing rnn_base_color model...
Begin training...
Epoch 1/25 | Batch 0/401 | Loss: 28.9844
Epoch 1/25 | Batch 250/401 | Loss: 3.9327
Epoch [1/25], Avg Loss: 4.1870, Avg Val Loss: 3.9341
Checkpoint saved at trained_models/rnn_base_color_checkpoint.pt
Epoch 2/25 | Batch 0/401 | Loss: 3.9276
Epoch 2/25 | Batch 250/401 | Loss: 3.9408
Epoch [2/25], Avg Loss: 3.9419, Avg Val Loss: 3.9393
Checkpoint saved at trained_models/rnn_base_color_checkpoint.pt
Epoch 3/25 | Batch 0/401 | Loss: 3.9472
Epoch 3/25 | Batch 250/401 | Loss: 3.9061
Epoch [3/25], Avg Loss: 3.9249, Avg Val Loss: 3.9180
Checkpoint saved at trained_models/rnn_base_color_checkpoint.pt
Epoch 4/25 | Batch 0/401 | Loss: 3.9215
Epoch 4/25 | Batch 250/401 | Loss: 3.8515
Epoch [4/25], Avg Loss: 3.8942, Avg Val Loss: 3.8832
Checkpoint saved at trained_models/rnn_base_color_checkpoint.pt
Epoch 5/25 | Batch 0/401 | Loss: 3.9046
Epoch 5/25 | Batch 250/401 | Loss: 3.8999
Epoch [5/25], Avg Loss: 3.8684, Avg Val Loss: 3.8763
Checkpoint saved at trained_models/rnn_base_color_checkpoint.pt
Epoch 6/25 | Batch 0/401 | Loss: 3.9036
Epoch 6/25 | Batch 250/401 | Loss: 3.8424
Epoch [6/25], Avg Loss: 3.8348, Avg Val Loss: 3.8628
Checkpoint saved at trained_models/rnn_base_color_checkpoint.pt
Epoch 7/25 | Batch 0/401 | Loss: 3.9076
Epoch 7/25 | Batch 250/401 | Loss: 3.4789
Epoch [7/25], Avg Loss: 3.5949, Avg Val Loss: 3.2762
Checkpoint saved at trained_models/rnn_base_color_checkpoint.pt
Epoch 8/25 | Batch 0/401 | Loss: 3.3533
Epoch 8/25 | Batch 250/401 | Loss: 2.8416
Epoch [8/25], Avg Loss: 2.8977, Avg Val Loss: 2.4764
Checkpoint saved at trained_models/rnn_base_color_checkpoint.pt
Epoch 9/25 | Batch 0/401 | Loss: 2.3007
Epoch 9/25 | Batch 250/401 | Loss: 2.4989
Epoch [9/25], Avg Loss: 2.1917, Avg Val Loss: 2.0453
Checkpoint saved at trained_models/rnn_base_color_checkpoint.pt
Epoch 10/25 | Batch 0/401 | Loss: 1.8683
Epoch 10/25 | Batch 250/401 | Loss: 1.5145
Epoch [10/25], Avg Loss: 1.7667, Avg Val Loss: 1.9181
Checkpoint saved at trained_models/rnn_base_color_checkpoint.pt
Epoch 11/25 | Batch 0/401 | Loss: 2.0144
Epoch 11/25 | Batch 250/401 | Loss: 1.5570
Epoch [11/25], Avg Loss: 1.4991, Avg Val Loss: 1.4692
Checkpoint saved at trained_models/rnn_base_color_checkpoint.pt
Epoch 12/25 | Batch 0/401 | Loss: 1.1885
Epoch 12/25 | Batch 250/401 | Loss: 1.1503
Epoch [12/25], Avg Loss: 1.2494, Avg Val Loss: 1.3607
Checkpoint saved at trained_models/rnn_base_color_checkpoint.pt
Epoch 13/25 | Batch 0/401 | Loss: 1.3162
Epoch 13/25 | Batch 250/401 | Loss: 1.3055
Epoch [13/25], Avg Loss: 1.0919, Avg Val Loss: 1.2449
Checkpoint saved at trained_models/rnn_base_color_checkpoint.pt
Epoch 14/25 | Batch 0/401 | Loss: 1.0190
Epoch 14/25 | Batch 250/401 | Loss: 0.9021
Epoch [14/25], Avg Loss: 0.9588, Avg Val Loss: 1.1599
Checkpoint saved at trained_models/rnn_base_color_checkpoint.pt
Epoch 15/25 | Batch 0/401 | Loss: 0.6957
Epoch 15/25 | Batch 250/401 | Loss: 0.8740
Epoch [15/25], Avg Loss: 0.8426, Avg Val Loss: 1.1142
Checkpoint saved at trained_models/rnn_base_color_checkpoint.pt
Epoch 16/25 | Batch 0/401 | Loss: 0.6454
Epoch 16/25 | Batch 250/401 | Loss: 0.6353
Epoch [16/25], Avg Loss: 0.7460, Avg Val Loss: 1.0996
Checkpoint saved at trained_models/rnn_base_color_checkpoint.pt
Epoch 17/25 | Batch 0/401 | Loss: 0.5759
Epoch 17/25 | Batch 250/401 | Loss: 0.3984
Epoch [17/25], Avg Loss: 0.6653, Avg Val Loss: 1.0538
Checkpoint saved at trained_models/rnn_base_color_checkpoint.pt
Epoch 18/25 | Batch 0/401 | Loss: 0.5008
Epoch 18/25 | Batch 250/401 | Loss: 0.4667
Epoch [18/25], Avg Loss: 0.5857, Avg Val Loss: 1.0773
Checkpoint saved at trained_models/rnn_base_color_checkpoint.pt
Epoch 19/25 | Batch 0/401 | Loss: 0.3343
Epoch 19/25 | Batch 250/401 | Loss: 0.4864
Epoch [19/25], Avg Loss: 0.5191, Avg Val Loss: 1.0618
Checkpoint saved at trained_models/rnn_base_color_checkpoint.pt
Epoch 20/25 | Batch 0/401 | Loss: 0.4683
Epoch 20/25 | Batch 250/401 | Loss: 0.3483
Epoch [20/25], Avg Loss: 0.4553, Avg Val Loss: 1.0823
Checkpoint saved at trained_models/rnn_base_color_checkpoint.pt
Epoch 21/25 | Batch 0/401 | Loss: 0.3362
Epoch 21/25 | Batch 250/401 | Loss: 0.4184
Epoch [21/25], Avg Loss: 0.3948, Avg Val Loss: 1.0971
Checkpoint saved at trained_models/rnn_base_color_checkpoint.pt
Epoch 22/25 | Batch 0/401 | Loss: 0.3911
Epoch 22/25 | Batch 250/401 | Loss: 0.6250
Epoch [22/25], Avg Loss: 0.3357, Avg Val Loss: 1.0977
Checkpoint saved at trained_models/rnn_base_color_checkpoint.pt
Epoch 23/25 | Batch 0/401 | Loss: 0.1858
Epoch 23/25 | Batch 250/401 | Loss: 0.1669
Epoch [23/25], Avg Loss: 0.3061, Avg Val Loss: 1.1236
Checkpoint saved at trained_models/rnn_base_color_checkpoint.pt
Epoch 24/25 | Batch 0/401 | Loss: 0.2400
Epoch 24/25 | Batch 250/401 | Loss: 0.3244
Epoch [24/25], Avg Loss: 0.2556, Avg Val Loss: 1.1233
Checkpoint saved at trained_models/rnn_base_color_checkpoint.pt
Epoch 25/25 | Batch 0/401 | Loss: 0.2446
Epoch 25/25 | Batch 250/401 | Loss: 0.0998
Epoch [25/25], Avg Loss: 0.2187, Avg Val Loss: 1.1494
Checkpoint saved at trained_models/rnn_base_color_checkpoint.pt
Training complete!
Model saved to trained_models/rnn_base_color.pt
Saved learning curve as learning_curves/rnn_base_color.png
Checkpoint deleted after successful training.
SBATCH_INFO: Running character recognition evaluation...
========== EVALUATE.PY START ==========
Model loaded successfully from 'trained_models/rnn_base_color.pt'
Loading test dataset...
Evaluating model...
Batch 0 | Word Acc: 0.00% | Char Acc: 20.00%
Batch 50 | Word Acc: 27.45% | Char Acc: 71.38%
Batch 100 | Word Acc: 27.72% | Char Acc: 70.00%
Batch 150 | Word Acc: 28.48% | Char Acc: 71.67%
Batch 200 | Word Acc: 25.37% | Char Acc: 69.78%
Batch 250 | Word Acc: 25.50% | Char Acc: 70.04%
Batch 300 | Word Acc: 24.92% | Char Acc: 70.19%
Batch 350 | Word Acc: 26.21% | Char Acc: 70.65%
Batch 400 | Word Acc: 25.19% | Char Acc: 70.08%
Batch 450 | Word Acc: 26.39% | Char Acc: 70.42%
Batch 500 | Word Acc: 26.55% | Char Acc: 70.45%
Batch 550 | Word Acc: 26.86% | Char Acc: 70.88%
Batch 600 | Word Acc: 27.12% | Char Acc: 70.75%
Batch 650 | Word Acc: 26.88% | Char Acc: 70.24%
Batch 700 | Word Acc: 26.53% | Char Acc: 70.25%
Batch 750 | Word Acc: 26.23% | Char Acc: 70.34%
Batch 800 | Word Acc: 26.34% | Char Acc: 70.21%
Batch 850 | Word Acc: 26.32% | Char Acc: 70.03%
Batch 900 | Word Acc: 26.30% | Char Acc: 70.07%
Batch 950 | Word Acc: 26.18% | Char Acc: 70.07%
Batch 1000 | Word Acc: 26.47% | Char Acc: 69.98%
Batch 1050 | Word Acc: 26.83% | Char Acc: 70.41%
Batch 1100 | Word Acc: 26.79% | Char Acc: 70.35%
Batch 1150 | Word Acc: 27.28% | Char Acc: 70.65%
Batch 1200 | Word Acc: 27.06% | Char Acc: 70.57%
Batch 1250 | Word Acc: 27.18% | Char Acc: 70.62%
Batch 1300 | Word Acc: 26.98% | Char Acc: 70.28%
Batch 1350 | Word Acc: 26.87% | Char Acc: 70.22%
Batch 1400 | Word Acc: 26.84% | Char Acc: 70.28%
Batch 1450 | Word Acc: 26.95% | Char Acc: 70.28%
Batch 1500 | Word Acc: 27.58% | Char Acc: 70.42%
Batch 1550 | Word Acc: 27.72% | Char Acc: 70.41%
Batch 1600 | Word Acc: 27.86% | Char Acc: 70.35%
Batch 1650 | Word Acc: 27.68% | Char Acc: 70.29%
Batch 1700 | Word Acc: 27.63% | Char Acc: 70.15%
Batch 1750 | Word Acc: 27.87% | Char Acc: 70.37%
Batch 1800 | Word Acc: 27.93% | Char Acc: 70.45%
Batch 1850 | Word Acc: 27.93% | Char Acc: 70.30%
Batch 1900 | Word Acc: 27.99% | Char Acc: 70.36%
Batch 1950 | Word Acc: 27.88% | Char Acc: 70.43%
Word Accuracy: 27.75%
Character Accuracy: 70.45%
Character-level Macro Precision: 71.71%
Character-level Macro Recall: 71.21%
Character-level Macro F1 Score: 71.25%
